
> lovely-y5@0.1.0 build
> next build --webpack

 ⚠ `eslint` configuration in next.config.js is no longer supported. See more info here: https://nextjs.org/docs/app/api-reference/cli/next#next-lint-options
 ⚠ `images.domains` is deprecated in favor of `images.remotePatterns`. Please update next.config.js to protect your application from malicious users.
 ⚠ Invalid next.config.js options detected: 
 ⚠     Unrecognized key(s) in object: 'eslint'
 ⚠ See more info here: https://nextjs.org/docs/messages/invalid-next-config
 ⚠ Warning: Next.js inferred your workspace root, but it may not be correct.
 We detected multiple lockfiles and selected the directory of /workspaces/lovely-y5-webnextjs/package-lock.json as the root directory.
 To silence this warning, set `outputFileTracingRoot` in your Next.js config, or consider removing one of the lockfiles if it's not needed.
   See https://nextjs.org/docs/app/api-reference/config/next-config-js/output#caveats for more information.
 Detected additional lockfiles: 
   * /workspaces/lovely-y5-webnextjs/lovely-y5/package-lock.json

   ▲ Next.js 16.0.3 (webpack)

   Creating an optimized production build ...
 ✓ Compiled successfully in 14.4s
   Running TypeScript ...

   We detected TypeScript in your project and reconfigured your tsconfig.json file for you. Strict-mode is set to false by default.
   The following mandatory changes were made to your tsconfig.json:

   	- jsx was set to react-jsx (next.js uses the React automatic runtime)

Failed to compile.

app/producto/[id]/page.tsx
Type error: Type '{ params: { id: string; }; }' does not satisfy the constraint 'PageProps'.
  Types of property 'params' are incompatible.
    Type '{ id: string; }' is missing the following properties from type 'Promise<any>': then, catch, finally, [Symbol.toStringTag]

Next.js build worker exited with code: 1 and signal: null
